----------
07/09/2017 3:40:39 PM by niravr at /Login
Login Success
----------
07/09/2017 3:42:47 PM by niravr at /Login
Login Success
----------
07/09/2017 3:43:05 PM by niravr at /Store/ViewDisc/155
Source:	Vladi2
Target:	System.Web.Mvc.ActionResult ViewDisc(Int32, Int32)
Type:	Exception
Message:	Disc Not Found
Stack:	   at Vladi2.Controllers.StoreController.ViewDisc(Int32 id, Int32 msgCode) in C:\Users\Nir Avraham\Desktop\securemvc\SecureDev\Controllers\StoreController.cs:line 135
----------
07/09/2017 3:44:48 PM by niravr at /Login
Login Success
----------
07/09/2017 3:45:01 PM by niravr at /Store/ViewDisc/53
Source:	Vladi2
Target:	System.Web.Mvc.ActionResult ViewDisc(Int32, Int32)
Type:	HttpException
Message:	Disc Not Found
Stack:	   at Vladi2.Controllers.StoreController.ViewDisc(Int32 id, Int32 msgCode) in C:\Users\Nir Avraham\Desktop\securemvc\SecureDev\Controllers\StoreController.cs:line 135
----------
07/09/2017 4:01:18 PM by niravr at /Login
Login Success
----------
07/09/2017 4:35:04 PM by niravr1234 at /Login
Login Success
----------
07/09/2017 4:40:52 PM by niravr1234 at /Login
Login Success
----------
07/09/2017 4:42:27 PM by niravr1234 at /Login
Login Success
----------
07/09/2017 4:46:14 PM by admin at /Login
Login Success
